<?xml version="1.0" encoding="UTF-8"?>
<testng-results ignored="0" total="2" passed="2" failed="0" skipped="0">
  <reporter-output>
    <line>
      <![CDATA[Open the browser and Launch Url]]>
    </line>
    <line>
      <![CDATA[Email]]>
    </line>
    <line>
      <![CDATA[Password]]>
    </line>
    <line>
      <![CDATA[New Profile]]>
    </line>
    <line>
      <![CDATA[SignOut From Account]]>
    </line>
    <line>
      <![CDATA[Email]]>
    </line>
    <line>
      <![CDATA[Password]]>
    </line>
    <line>
      <![CDATA[Aishwarya Deshmukh]]>
    </line>
    <line>
      <![CDATA[SignOut From Account]]>
    </line>
    <line>
      <![CDATA[Close the Browser]]>
    </line>
  </reporter-output>
  <suite started-at="2023-06-11T21:42:01 IST" name="Default suite" finished-at="2023-06-11T21:42:01 IST" duration-ms="142">
    <groups>
    </groups>
    <test started-at="2023-06-11T21:42:01 IST" name="Default test" finished-at="2023-06-11T21:42:01 IST" duration-ms="142">
      <class name="testNG_Annotation.TestNG_Study">
        <test-method is-config="true" signature="LaunchURL()[pri:0, instance:testNG_Annotation.TestNG_Study@2b40ff9c]" started-at="2023-06-11T21:42:01 IST" name="LaunchURL" finished-at="2023-06-11T21:42:01 IST" duration-ms="23" status="PASS">
          <reporter-output>
            <line>
              <![CDATA[Open the browser and Launch Url]]>
            </line>
          </reporter-output>
        </test-method> <!-- LaunchURL -->
        <test-method is-config="true" signature="enterEmail()[pri:0, instance:testNG_Annotation.TestNG_Study@2b40ff9c]" started-at="2023-06-11T21:42:01 IST" name="enterEmail" finished-at="2023-06-11T21:42:01 IST" duration-ms="1" status="PASS">
          <reporter-output>
            <line>
              <![CDATA[Email]]>
            </line>
          </reporter-output>
        </test-method> <!-- enterEmail -->
        <test-method is-config="true" signature="enterPassword()[pri:0, instance:testNG_Annotation.TestNG_Study@2b40ff9c]" started-at="2023-06-11T21:42:01 IST" name="enterPassword" finished-at="2023-06-11T21:42:01 IST" duration-ms="2" status="PASS">
          <reporter-output>
            <line>
              <![CDATA[Password]]>
            </line>
          </reporter-output>
        </test-method> <!-- enterPassword -->
        <test-method signature="EaditProfile()[pri:0, instance:testNG_Annotation.TestNG_Study@2b40ff9c]" started-at="2023-06-11T21:42:01 IST" name="EaditProfile" finished-at="2023-06-11T21:42:01 IST" duration-ms="12" status="PASS">
          <reporter-output>
            <line>
              <![CDATA[New Profile]]>
            </line>
          </reporter-output>
        </test-method> <!-- EaditProfile -->
        <test-method is-config="true" signature="Signout()[pri:0, instance:testNG_Annotation.TestNG_Study@2b40ff9c]" started-at="2023-06-11T21:42:01 IST" name="Signout" finished-at="2023-06-11T21:42:01 IST" duration-ms="3" status="PASS">
          <reporter-output>
            <line>
              <![CDATA[SignOut From Account]]>
            </line>
          </reporter-output>
        </test-method> <!-- Signout -->
        <test-method is-config="true" signature="enterEmail()[pri:0, instance:testNG_Annotation.TestNG_Study@2b40ff9c]" started-at="2023-06-11T21:42:01 IST" name="enterEmail" finished-at="2023-06-11T21:42:01 IST" duration-ms="1" status="PASS">
          <reporter-output>
            <line>
              <![CDATA[Email]]>
            </line>
          </reporter-output>
        </test-method> <!-- enterEmail -->
        <test-method is-config="true" signature="enterPassword()[pri:0, instance:testNG_Annotation.TestNG_Study@2b40ff9c]" started-at="2023-06-11T21:42:01 IST" name="enterPassword" finished-at="2023-06-11T21:42:01 IST" duration-ms="1" status="PASS">
          <reporter-output>
            <line>
              <![CDATA[Password]]>
            </line>
          </reporter-output>
        </test-method> <!-- enterPassword -->
        <test-method signature="entername()[pri:0, instance:testNG_Annotation.TestNG_Study@2b40ff9c]" started-at="2023-06-11T21:42:01 IST" name="entername" finished-at="2023-06-11T21:42:01 IST" duration-ms="6" status="PASS">
          <reporter-output>
            <line>
              <![CDATA[Aishwarya Deshmukh]]>
            </line>
          </reporter-output>
        </test-method> <!-- entername -->
        <test-method is-config="true" signature="Signout()[pri:0, instance:testNG_Annotation.TestNG_Study@2b40ff9c]" started-at="2023-06-11T21:42:01 IST" name="Signout" finished-at="2023-06-11T21:42:01 IST" duration-ms="2" status="PASS">
          <reporter-output>
            <line>
              <![CDATA[SignOut From Account]]>
            </line>
          </reporter-output>
        </test-method> <!-- Signout -->
        <test-method is-config="true" signature="closeBrowser()[pri:0, instance:testNG_Annotation.TestNG_Study@2b40ff9c]" started-at="2023-06-11T21:42:01 IST" name="closeBrowser" finished-at="2023-06-11T21:42:01 IST" duration-ms="1" status="PASS">
          <reporter-output>
            <line>
              <![CDATA[Close the Browser]]>
            </line>
          </reporter-output>
        </test-method> <!-- closeBrowser -->
      </class> <!-- testNG_Annotation.TestNG_Study -->
    </test> <!-- Default test -->
  </suite> <!-- Default suite -->
</testng-results>
